\BOOKMARK [0][-]{chapter.1}{Introdu\347\343o}{}% 1
\BOOKMARK [1][-]{section.1.1}{Motiva\347\343o}{chapter.1}% 2
\BOOKMARK [1][-]{section.1.2}{Proposta}{chapter.1}% 3
\BOOKMARK [1][-]{section.1.3}{Objetivos}{chapter.1}% 4
\BOOKMARK [2][-]{subsection.1.3.1}{Objetivos Espec\355ficos}{section.1.3}% 5
\BOOKMARK [1][-]{section.1.4}{Metodologia}{chapter.1}% 6
\BOOKMARK [1][-]{section.1.5}{Organiza\347\343o do documento}{chapter.1}% 7
\BOOKMARK [0][-]{chapter.2}{Trabalhos Relacionados}{}% 8
\BOOKMARK [1][-]{section.2.1}{OOZO}{chapter.2}% 9
\BOOKMARK [1][-]{section.2.2}{MangoSigns}{chapter.2}% 10
\BOOKMARK [1][-]{section.2.3}{SID Formosa}{chapter.2}% 11
\BOOKMARK [1][-]{section.2.4}{Screenly}{chapter.2}% 12
\BOOKMARK [1][-]{section.2.5}{Xibo}{chapter.2}% 13
\BOOKMARK [1][-]{section.2.6}{Comparativo}{chapter.2}% 14
\BOOKMARK [0][-]{chapter.3}{Referencial Te\363rico}{}% 15
\BOOKMARK [1][-]{section.3.1}{Marketing Digital}{chapter.3}% 16
\BOOKMARK [1][-]{section.3.2}{Sinaliza\347\343o digital}{chapter.3}% 17
\BOOKMARK [1][-]{section.3.3}{Arquitetura Cliente-Servidor}{chapter.3}% 18
\BOOKMARK [1][-]{section.3.4}{Linguagens de programa\347\343o}{chapter.3}% 19
\BOOKMARK [2][-]{subsection.3.4.1}{PHP}{section.3.4}% 20
\BOOKMARK [2][-]{subsection.3.4.2}{JavaScript}{section.3.4}% 21
\BOOKMARK [1][-]{section.3.5}{Banco de Dados}{chapter.3}% 22
\BOOKMARK [1][-]{section.3.6}{Interface de Programa\347\343o de Aplicativos}{chapter.3}% 23
\BOOKMARK [2][-]{subsection.3.6.1}{REST}{section.3.6}% 24
\BOOKMARK [1][-]{section.3.7}{Linguagem de modelagem unificada - UML}{chapter.3}% 25
\BOOKMARK [1][-]{section.3.8}{Metodologia de desenvolvimento - SCRUM}{chapter.3}% 26
\BOOKMARK [1][-]{section.3.9}{JSON}{chapter.3}% 27
\BOOKMARK [1][-]{section.3.10}{QR Code}{chapter.3}% 28
\BOOKMARK [1][-]{section.3.11}{Frameworks}{chapter.3}% 29
\BOOKMARK [2][-]{subsection.3.11.1}{Zend}{section.3.11}% 30
\BOOKMARK [2][-]{subsection.3.11.2}{Doctrine}{section.3.11}% 31
\BOOKMARK [2][-]{subsection.3.11.3}{Cordova}{section.3.11}% 32
\BOOKMARK [2][-]{subsection.3.11.4}{Framework 7}{section.3.11}% 33
\BOOKMARK [0][-]{chapter.4}{Graph Api}{}% 34
\BOOKMARK [1][-]{section.4.1}{Vis\343o Geral}{chapter.4}% 35
\BOOKMARK [1][-]{section.4.2}{Token de acesso}{chapter.4}% 36
\BOOKMARK [2][-]{subsection.4.2.1}{Tokens de usu\341rio}{section.4.2}% 37
\BOOKMARK [2][-]{subsection.4.2.2}{Tokens de aplicativo}{section.4.2}% 38
\BOOKMARK [2][-]{subsection.4.2.3}{Tokens de p\341gina}{section.4.2}% 39
\BOOKMARK [2][-]{subsection.4.2.4}{Tokens infinitos}{section.4.2}% 40
\BOOKMARK [1][-]{section.4.3}{Autentica\347\343o}{chapter.4}% 41
\BOOKMARK [1][-]{section.4.4}{Permiss\365es}{chapter.4}% 42
\BOOKMARK [1][-]{section.4.5}{Requisi\347\365es}{chapter.4}% 43
\BOOKMARK [2][-]{subsection.4.5.1}{Tipos de Requisi\347\343o}{section.4.5}% 44
\BOOKMARK [2][-]{subsection.4.5.2}{N\363}{section.4.5}% 45
\BOOKMARK [2][-]{subsection.4.5.3}{Aresta}{section.4.5}% 46
\BOOKMARK [2][-]{subsection.4.5.4}{Campo}{section.4.5}% 47
\BOOKMARK [0][-]{chapter.5}{SID}{}% 48
\BOOKMARK [1][-]{section.5.1}{Vis\343o Geral}{chapter.5}% 49
\BOOKMARK [1][-]{section.5.2}{Modulo Administrador}{chapter.5}% 50
\BOOKMARK [2][-]{subsection.5.2.1}{M\363dulo API}{section.5.2}% 51
\BOOKMARK [1][-]{section.5.3}{M\363dulo Cliente}{chapter.5}% 52
\BOOKMARK [1][-]{section.5.4}{Aplicativo m\363vel}{chapter.5}% 53
\BOOKMARK [1][-]{section.5.5}{Integra\347\343o}{chapter.5}% 54
\BOOKMARK [2][-]{subsection.5.5.1}{login, token de acesso e permiss\365es}{section.5.5}% 55
\BOOKMARK [2][-]{subsection.5.5.2}{Publicar}{section.5.5}% 56
\BOOKMARK [2][-]{subsection.5.5.3}{Requisi\347\343o}{section.5.5}% 57
\BOOKMARK [1][-]{section.5.6}{Poss\355vel solu\347\343o para Implanta\347\343o - Raspberry}{chapter.5}% 58
\BOOKMARK [0][-]{chapter.6}{Resultados}{}% 59
\BOOKMARK [1][-]{section.6.1}{Melhorias em rela\347\343o ao SIDv2}{chapter.6}% 60
\BOOKMARK [2][-]{subsection.6.1.1}{M\363dulo Administrador}{section.6.1}% 61
\BOOKMARK [2][-]{subsection.6.1.2}{M\363dulo Cliente}{section.6.1}% 62
\BOOKMARK [2][-]{subsection.6.1.3}{Subm\363dulo API e Aplicativo m\363vel}{section.6.1}% 63
\BOOKMARK [2][-]{subsection.6.1.4}{Banco de dados}{section.6.1}% 64
\BOOKMARK [1][-]{section.6.2}{Dificuldades encontradas}{chapter.6}% 65
\BOOKMARK [0][-]{chapter.7}{Considera\347\365es Finais}{}% 66
\BOOKMARK [1][-]{section.7.1}{Trabalhos Futuros}{chapter.7}% 67
\BOOKMARK [2][-]{subsection.7.1.1}{Aplicativo mobile}{section.7.1}% 68
\BOOKMARK [2][-]{subsection.7.1.2}{Modera\347\343o dos coment\341rios}{section.7.1}% 69
\BOOKMARK [2][-]{subsection.7.1.3}{Atraso da recupera\347\343o de dados}{section.7.1}% 70
\BOOKMARK [0][-]{chapter*.9}{Refer\352ncias}{}% 71
\BOOKMARK [0][-]{section*.10}{Ap\352ndice}{}% 72
\BOOKMARK [0][-]{appendix.A}{Documenta\347\343o}{}% 73
\BOOKMARK [1][-]{section.A.1}{Prototipa\347\343o}{appendix.A}% 74
\BOOKMARK [2][-]{subsection.A.1.1}{Vis\343o Geral}{section.A.1}% 75
\BOOKMARK [2][-]{subsection.A.1.2}{Interface de usu\341rio}{section.A.1}% 76
\BOOKMARK [3][-]{subsubsection.A.1.2.1}{Interface do administrador \(Logar\)}{subsection.A.1.2}% 77
\BOOKMARK [3][-]{subsubsection.A.1.2.2}{Interface do Administrador \(Inserir\)}{subsection.A.1.2}% 78
\BOOKMARK [3][-]{subsubsection.A.1.2.3}{Interface do Administrador \(Listar\)}{subsection.A.1.2}% 79
\BOOKMARK [3][-]{subsubsection.A.1.2.4}{Interface do Administrador \(Editar\)}{subsection.A.1.2}% 80
\BOOKMARK [3][-]{subsubsection.A.1.2.5}{Interface do Administrador \(Detalhar\)}{subsection.A.1.2}% 81
\BOOKMARK [3][-]{subsubsection.A.1.2.6}{Interface Cliente}{subsection.A.1.2}% 82
\BOOKMARK [1][-]{section.A.2}{Diagramas}{appendix.A}% 83
\BOOKMARK [2][-]{subsection.A.2.1}{Diagramas de casos de uso}{section.A.2}% 84
\BOOKMARK [2][-]{subsection.A.2.2}{Diagramas de classe}{section.A.2}% 85
\BOOKMARK [2][-]{subsection.A.2.3}{Diagramas entidade\205relacionamento}{section.A.2}% 86
\BOOKMARK [2][-]{subsection.A.2.4}{Diagramas de sequ\352ncia}{section.A.2}% 87
\BOOKMARK [1][-]{section.A.3}{Artefatos}{appendix.A}% 88
